2024-07-02 19:39:48 - Pcap is listening...
2024-07-02 19:40:24 - path:e:\ThucTapTotNghiep\Intrusion-Detection-System-master\CICFlowMeter-4.0\bin\data\daily\2024-07-02_Flow.csv
2024-07-02 19:42:10 - Pcap is listening...
2024-07-02 19:42:20 - path:e:\ThucTapTotNghiep\Intrusion-Detection-System-master\CICFlowMeter-4.0\bin\data\daily\2024-07-02_Flow.csv
2024-07-02 19:42:32 - Pcap is listening...
2024-07-02 19:45:41 - path:e:\ThucTapTotNghiep\Intrusion-Detection-System-master\CICFlowMeter-4.0\bin\data\daily\2024-07-02_Flow.csv
2024-07-11 11:37:48 - Pcap is listening...
2024-07-11 11:37:55 - path:E:\ThucTapTotNghiep\Intrusion-Detection-System-master\CICFlowMeter-4.0\bin\data\daily\2024-07-11_Flow.csv
2024-07-12 18:08:23 - Pcap is listening...
2024-07-12 18:09:02 - Pcap stop listening
2024-07-12 18:09:02 - path:/home/hieupham/Desktop/Intrusion-Detection-System-master/CICFlowMeter-4.0/bin/data/daily/2024-07-12_Flow.csv
2024-07-12 18:09:05 - Pcap is listening...
2024-07-12 18:09:39 - Pcap is listening...
2024-07-12 18:09:49 - Pcap stop listening
2024-07-12 18:09:49 - path:/home/hieupham/Desktop/Intrusion-Detection-System-master/CICFlowMeter-4.0/bin/data/daily/2024-07-12_Flow.csv
2024-07-12 18:11:59 - Pcap is listening...
2024-07-12 18:12:07 - Pcap stop listening
2024-07-12 18:12:07 - path:/home/hieupham/Desktop/Intrusion-Detection-System-master/CICFlowMeter-4.0/bin/data/daily/2024-07-12_Flow.csv
2024-07-12 18:13:55 - Pcap is listening...
2024-07-12 18:14:10 - Pcap stop listening
2024-07-12 18:14:10 - path:/home/hieupham/Desktop/Intrusion-Detection-System-master/CICFlowMeter-4.0/bin/data/daily/2024-07-12_Flow.csv
2024-07-12 18:14:22 - Pcap is listening...
2024-07-12 18:15:07 - Pcap is listening...
2024-07-12 18:15:27 - Pcap stop listening
2024-07-12 18:15:27 - path:/home/hieupham/Desktop/Intrusion-Detection-System-master/CICFlowMeter-4.0/bin/data/daily/2024-07-12_Flow.csv
2024-07-12 18:17:01 - Pcap is listening...
2024-07-12 18:17:58 - Pcap stop listening
2024-07-12 18:17:58 - path:/home/hieupham/Desktop/Intrusion-Detection-System-master/CICFlowMeter-4.0/bin/data/daily/2024-07-12_Flow.csv
2024-07-12 18:18:02 - Pcap is listening...
2024-07-12 18:18:32 - Pcap is listening...
2024-07-12 18:19:10 - Pcap stop listening
2024-07-12 18:19:10 - path:/home/hieupham/Desktop/Intrusion-Detection-System-master/CICFlowMeter-4.0/bin/data/daily/2024-07-12_Flow.csv
2024-07-12 18:19:11 - Pcap is listening...
2024-07-12 18:19:32 - Pcap is listening...
2024-07-12 18:20:14 - Pcap stop listening
2024-07-12 18:20:14 - path:/home/hieupham/Desktop/Intrusion-Detection-System-master/CICFlowMeter-4.0/bin/data/daily/2024-07-12_Flow.csv
2024-07-12 18:20:29 - Pcap is listening...
2024-07-12 18:21:34 - Pcap stop listening
2024-07-12 18:21:34 - path:/home/hieupham/Desktop/Intrusion-Detection-System-master/CICFlowMeter-4.0/bin/data/daily/2024-07-12_Flow.csv
2024-07-12 18:21:36 - Pcap is listening...
2024-07-12 18:21:42 - Pcap stop listening
2024-07-12 18:21:42 - path:/home/hieupham/Desktop/Intrusion-Detection-System-master/CICFlowMeter-4.0/bin/data/daily/2024-07-12_Flow.csv
2024-07-12 18:21:46 - Pcap is listening...
2024-07-12 18:22:19 - Pcap stop listening
2024-07-12 18:22:19 - path:/home/hieupham/Desktop/Intrusion-Detection-System-master/CICFlowMeter-4.0/bin/data/daily/2024-07-12_Flow.csv
2024-07-12 18:22:35 - Pcap is listening...
2024-07-12 18:23:31 - Pcap is listening...
2024-07-12 18:24:38 - Pcap stop listening
2024-07-12 18:24:38 - path:/home/hieupham/Desktop/Intrusion-Detection-System-master/CICFlowMeter-4.0/bin/data/daily/2024-07-12_Flow.csv
2024-07-12 18:24:41 - Pcap is listening...
2024-07-12 18:24:58 - Pcap stop listening
2024-07-12 18:24:58 - path:/home/hieupham/Desktop/Intrusion-Detection-System-master/CICFlowMeter-4.0/bin/data/daily/2024-07-12_Flow.csv
2024-07-12 18:25:17 - Pcap is listening...
2024-07-12 18:26:49 - Pcap stop listening
2024-07-12 18:26:49 - path:/home/hieupham/Desktop/Intrusion-Detection-System-master/CICFlowMeter-4.0/bin/data/daily/2024-07-12_Flow.csv
2024-07-12 18:26:51 - Pcap is listening...
2024-07-12 18:27:22 - Pcap is listening...
2024-07-12 18:27:38 - Pcap stop listening
2024-07-12 18:27:38 - path:/home/hieupham/Desktop/Intrusion-Detection-System-master/CICFlowMeter-4.0/bin/data/daily/2024-07-12_Flow.csv
2024-07-12 18:36:14 - Pcap is listening...
2024-07-12 18:36:32 - Pcap stop listening
2024-07-12 18:36:32 - path:/home/hieupham/Desktop/Intrusion-Detection-System-master/CICFlowMeter-4.0/bin/data/daily/2024-07-12_Flow.csv
2024-07-12 18:45:15 - Pcap is listening...
2024-07-12 18:45:46 - Pcap stop listening
2024-07-12 18:45:46 - path:/home/hieupham/Desktop/Intrusion-Detection-System-master/CICFlowMeter-4.0/bin/data/daily/2024-07-12_Flow.csv
2024-07-12 18:46:05 - Pcap is listening...
2024-07-12 18:46:10 - Pcap stop listening
2024-07-12 18:46:10 - path:/home/hieupham/Desktop/Intrusion-Detection-System-master/CICFlowMeter-4.0/bin/data/daily/2024-07-12_Flow.csv
2024-07-12 18:50:05 - Pcap is listening...
2024-07-12 18:50:17 - Pcap stop listening
2024-07-12 18:50:17 - path:/home/hieupham/Desktop/Intrusion-Detection-System-master/CICFlowMeter-4.0/bin/data/daily/2024-07-12_Flow.csv
2024-07-12 18:52:49 - Pcap is listening...
2024-07-12 18:52:59 - Pcap stop listening
2024-07-12 18:52:59 - path:/home/hieupham/Desktop/Intrusion-Detection-System-master/CICFlowMeter-4.0/bin/data/daily/2024-07-12_Flow.csv
2024-07-12 19:18:45 - Pcap is listening...
2024-07-12 19:18:55 - Pcap stop listening
2024-07-12 19:18:55 - path:/home/hieupham/Desktop/Intrusion-Detection-System-master/CICFlowMeter-4.0/bin/data/daily/2024-07-12_Flow.csv
2024-07-12 19:37:59 - Pcap is listening...
2024-07-12 19:38:10 - Pcap stop listening
2024-07-12 19:38:10 - path:/home/hieupham/Desktop/Intrusion-Detection-System-master/CICFlowMeter-4.0/bin/data/daily/2024-07-12_Flow.csv
2024-07-12 21:28:14 - Pcap is listening...
2024-07-12 21:28:34 - Pcap stop listening
2024-07-12 21:28:34 - path:/home/hieupham/Desktop/Intrusion-Detection-System-master/CICFlowMeter-4.0/bin/data/daily/2024-07-12_Flow.csv
2024-07-12 21:28:54 - Pcap is listening...
2024-07-12 21:29:04 - Pcap stop listening
2024-07-12 21:29:04 - path:/home/hieupham/Desktop/Intrusion-Detection-System-master/CICFlowMeter-4.0/bin/data/daily/2024-07-12_Flow.csv
2024-07-12 21:30:01 - Pcap is listening...
2024-07-12 21:30:13 - Pcap stop listening
2024-07-12 21:30:13 - path:/home/hieupham/Desktop/Intrusion-Detection-System-master/CICFlowMeter-4.0/bin/data/daily/2024-07-12_Flow.csv
2024-07-12 21:30:25 - Pcap is listening...
2024-07-12 21:30:34 - Pcap stop listening
2024-07-12 21:30:34 - path:/home/hieupham/Desktop/Intrusion-Detection-System-master/CICFlowMeter-4.0/bin/data/daily/2024-07-12_Flow.csv
2024-07-12 21:33:18 - Pcap is listening...
2024-07-12 21:33:26 - Pcap stop listening
2024-07-12 21:33:26 - path:/home/hieupham/Desktop/Intrusion-Detection-System-master/CICFlowMeter-4.0/bin/data/daily/2024-07-12_Flow.csv
2024-07-12 21:44:09 - Pcap is listening...
2024-07-12 21:44:18 - Pcap stop listening
2024-07-12 21:44:18 - path:/home/hieupham/Desktop/Intrusion-Detection-System-master/CICFlowMeter-4.0/bin/data/daily/2024-07-12_Flow.csv
2024-07-12 21:44:30 - Pcap is listening...
2024-07-12 21:44:44 - Pcap stop listening
2024-07-12 21:44:44 - path:/home/hieupham/Desktop/Intrusion-Detection-System-master/CICFlowMeter-4.0/bin/data/daily/2024-07-12_Flow.csv
2024-07-12 22:05:20 - Pcap is listening...
2024-07-12 22:05:46 - Pcap stop listening
2024-07-12 22:05:46 - path:/home/hieupham/Desktop/Intrusion-Detection-System-master/CICFlowMeter-4.0/bin/data/daily/2024-07-12_Flow.csv
2024-07-12 22:21:31 - Pcap is listening...
2024-07-12 22:21:45 - Pcap stop listening
2024-07-12 22:21:45 - path:/home/hieupham/Desktop/Intrusion-Detection-System-master/CICFlowMeter-4.0/bin/data/daily/2024-07-12_Flow.csv
2024-07-12 22:22:10 - Pcap is listening...
2024-07-12 22:22:23 - Pcap stop listening
2024-07-12 22:22:23 - path:/home/hieupham/Desktop/Intrusion-Detection-System-master/CICFlowMeter-4.0/bin/data/daily/2024-07-12_Flow.csv
2024-07-12 22:23:35 - Pcap is listening...
2024-07-12 22:23:58 - Pcap stop listening
2024-07-12 22:23:58 - path:/home/hieupham/Desktop/Intrusion-Detection-System-master/CICFlowMeter-4.0/bin/data/daily/2024-07-12_Flow.csv
2024-07-12 22:24:24 - Pcap is listening...
2024-07-12 22:24:44 - Pcap stop listening
2024-07-12 22:24:44 - path:/home/hieupham/Desktop/Intrusion-Detection-System-master/CICFlowMeter-4.0/bin/data/daily/2024-07-12_Flow.csv
2024-07-12 22:25:27 - Pcap is listening...
2024-07-12 22:25:48 - Pcap stop listening
2024-07-12 22:25:48 - path:/home/hieupham/Desktop/Intrusion-Detection-System-master/CICFlowMeter-4.0/bin/data/daily/2024-07-12_Flow.csv
2024-07-14 15:50:22 - Pcap is listening...
2024-07-14 15:50:37 - Pcap stop listening
2024-07-14 15:50:37 - path:/home/hieupham/Desktop/Intrusion-Detection-System-master/CICFlowMeter-4.0/bin/data/daily/2024-07-14_Flow.csv
2024-07-14 15:51:13 - path:/home/hieupham/Desktop/Intrusion-Detection-System-master/CICFlowMeter-4.0/bin/data/daily/2024-07-14_Flow.csv
2024-07-14 15:51:17 - path:/home/hieupham/Desktop/Intrusion-Detection-System-master/CICFlowMeter-4.0/bin/data/daily/2024-07-14_Flow.csv
2024-07-14 15:51:18 - path:/home/hieupham/Desktop/Intrusion-Detection-System-master/CICFlowMeter-4.0/bin/data/daily/2024-07-14_Flow.csv
2024-07-14 15:53:01 - Pcap is listening...
2024-07-14 15:53:19 - Pcap stop listening
2024-07-14 15:53:19 - path:/home/hieupham/Desktop/Intrusion-Detection-System-master/CICFlowMeter-4.0/bin/data/daily/2024-07-14_Flow.csv
2024-07-14 15:53:35 - Pcap is listening...
2024-07-14 15:53:56 - Pcap stop listening
2024-07-14 15:53:56 - path:/home/hieupham/Desktop/Intrusion-Detection-System-master/CICFlowMeter-4.0/bin/data/daily/2024-07-14_Flow.csv
2024-07-14 15:58:04 - Pcap is listening...
2024-07-14 15:59:52 - Pcap is listening...
2024-07-14 16:00:11 - Pcap stop listening
2024-07-14 16:00:11 - path:/home/hieupham/Desktop/Intrusion-Detection-System-master/CICFlowMeter-4.0/bin/data/daily/2024-07-14_Flow.csv
2024-07-14 16:00:26 - Pcap is listening...
2024-07-14 16:00:56 - Pcap is listening...
2024-07-14 16:01:24 - Pcap stop listening
2024-07-14 16:01:24 - path:/home/hieupham/Desktop/Intrusion-Detection-System-master/CICFlowMeter-4.0/bin/data/daily/2024-07-14_Flow.csv
2024-07-14 16:06:09 - Pcap is listening...
2024-07-14 16:06:18 - Pcap stop listening
2024-07-14 16:06:18 - path:/home/hieupham/Desktop/Intrusion-Detection-System-master/CICFlowMeter-4.0/bin/data/daily/2024-07-14_Flow.csv
2024-07-14 16:06:43 - Pcap is listening...
2024-07-14 16:06:59 - Pcap stop listening
2024-07-14 16:06:59 - path:/home/hieupham/Desktop/Intrusion-Detection-System-master/CICFlowMeter-4.0/bin/data/daily/2024-07-14_Flow.csv
2024-07-14 16:10:30 - Pcap is listening...
2024-07-14 16:10:36 - Pcap stop listening
2024-07-14 16:10:36 - path:/home/hieupham/Desktop/Intrusion-Detection-System-master/CICFlowMeter-4.0/bin/data/daily/2024-07-14_Flow.csv
2024-07-14 16:10:56 - Pcap is listening...
2024-07-14 16:16:28 - Pcap is listening...
2024-07-14 16:16:36 - Pcap stop listening
2024-07-14 16:16:36 - path:/home/hieupham/Desktop/Intrusion-Detection-System-master/CICFlowMeter-4.0/bin/data/daily/2024-07-14_Flow.csv
2024-07-14 16:16:48 - Pcap is listening...
2024-07-14 16:17:28 - Pcap is listening...
2024-07-14 16:17:44 - Pcap stop listening
2024-07-14 16:17:44 - path:/home/hieupham/Desktop/Intrusion-Detection-System-master/CICFlowMeter-4.0/bin/data/daily/2024-07-14_Flow.csv
2024-07-14 16:17:58 - Pcap is listening...
2024-07-14 16:18:05 - Pcap stop listening
2024-07-14 16:18:05 - path:/home/hieupham/Desktop/Intrusion-Detection-System-master/CICFlowMeter-4.0/bin/data/daily/2024-07-14_Flow.csv
2024-07-14 16:20:56 - Pcap is listening...
2024-07-14 16:21:17 - Pcap stop listening
2024-07-14 16:21:17 - path:/home/hieupham/Desktop/Intrusion-Detection-System-master/CICFlowMeter-4.0/bin/data/daily/2024-07-14_Flow.csv
2024-07-14 16:21:55 - Pcap is listening...
2024-07-14 16:22:04 - Pcap stop listening
2024-07-14 16:22:04 - path:/home/hieupham/Desktop/Intrusion-Detection-System-master/CICFlowMeter-4.0/bin/data/daily/2024-07-14_Flow.csv
2024-07-14 16:22:16 - Pcap is listening...
2024-07-14 16:22:40 - Pcap stop listening
2024-07-14 16:22:40 - path:/home/hieupham/Desktop/Intrusion-Detection-System-master/CICFlowMeter-4.0/bin/data/daily/2024-07-14_Flow.csv
2024-07-14 16:22:46 - Pcap is listening...
2024-07-14 16:23:00 - Pcap stop listening
2024-07-14 16:23:00 - path:/home/hieupham/Desktop/Intrusion-Detection-System-master/CICFlowMeter-4.0/bin/data/daily/2024-07-14_Flow.csv
2024-07-14 16:23:03 - Pcap is listening...
2024-07-14 16:23:22 - Pcap stop listening
2024-07-14 16:23:22 - path:/home/hieupham/Desktop/Intrusion-Detection-System-master/CICFlowMeter-4.0/bin/data/daily/2024-07-14_Flow.csv
2024-07-14 16:23:25 - Pcap is listening...
2024-07-14 16:23:38 - Pcap stop listening
2024-07-14 16:23:38 - path:/home/hieupham/Desktop/Intrusion-Detection-System-master/CICFlowMeter-4.0/bin/data/daily/2024-07-14_Flow.csv
2024-07-14 16:24:50 - path:/home/hieupham/Desktop/Intrusion-Detection-System-master/CICFlowMeter-4.0/bin/data/daily/2024-07-14_Flow.csv
2024-07-14 16:25:51 - Pcap is listening...
2024-07-14 16:26:18 - Pcap stop listening
2024-07-14 16:26:18 - path:/home/hieupham/Desktop/Intrusion-Detection-System-master/CICFlowMeter-4.0/bin/data/daily/2024-07-14_Flow.csv
2024-07-14 16:32:20 - Pcap is listening...
2024-07-14 16:33:36 - Pcap stop listening
2024-07-14 16:33:36 - path:/home/hieupham/Desktop/Intrusion-Detection-System-master/CICFlowMeter-4.0/bin/data/daily/2024-07-14_Flow.csv
2024-07-14 16:34:56 - path:/home/hieupham/Desktop/Intrusion-Detection-System-master/CICFlowMeter-4.0/bin/data/daily/2024-07-14_Flow.csv
2024-07-14 16:35:14 - Pcap is listening...
2024-07-14 16:35:45 - Pcap stop listening
2024-07-14 16:35:45 - path:/home/hieupham/Desktop/Intrusion-Detection-System-master/CICFlowMeter-4.0/bin/data/daily/2024-07-14_Flow.csv
2024-07-14 16:35:46 - Pcap is listening...
2024-07-14 16:36:04 - Pcap stop listening
2024-07-14 16:36:04 - path:/home/hieupham/Desktop/Intrusion-Detection-System-master/CICFlowMeter-4.0/bin/data/daily/2024-07-14_Flow.csv
2024-07-14 16:36:08 - Pcap is listening...
2024-07-14 16:36:33 - Pcap stop listening
2024-07-14 16:36:33 - path:/home/hieupham/Desktop/Intrusion-Detection-System-master/CICFlowMeter-4.0/bin/data/daily/2024-07-14_Flow.csv
2024-07-27 21:28:13 - Pcap is listening...
2024-07-27 21:28:24 - Pcap stop listening
2024-07-27 21:28:24 - path:/home/hieupham/Desktop/IDS/CICFlowMeter-4.0/bin/data/daily/2024-07-27_Flow.csv
2024-07-27 21:28:47 - Pcap is listening...
2024-07-27 21:29:11 - Pcap stop listening
2024-07-27 21:29:11 - path:/home/hieupham/Desktop/IDS/CICFlowMeter-4.0/bin/data/daily/2024-07-27_Flow.csv
2024-07-27 21:33:17 - Pcap is listening...
2024-07-27 21:33:44 - Pcap stop listening
2024-07-27 21:33:44 - path:/home/hieupham/Desktop/IDS/CICFlowMeter-4.0/bin/data/daily/2024-07-27_Flow.csv
2024-07-27 21:37:38 - Pcap is listening...
2024-07-27 21:38:13 - Pcap stop listening
2024-07-27 21:38:13 - path:/home/hieupham/Desktop/IDS/CICFlowMeter-4.0/bin/data/daily/2024-07-27_Flow.csv
2024-07-27 21:49:28 - Pcap is listening...
2024-07-27 21:49:40 - Pcap stop listening
2024-07-27 21:49:40 - path:/home/hieupham/Desktop/IDS/CICFlowMeter-4.0/bin/data/daily/2024-07-27_Flow.csv
2024-07-27 21:49:49 - Pcap is listening...
2024-07-27 21:50:18 - Pcap is listening...
2024-07-27 21:50:31 - Pcap stop listening
2024-07-27 21:50:31 - path:/home/hieupham/Desktop/IDS/CICFlowMeter-4.0/bin/data/daily/2024-07-27_Flow.csv
2024-07-27 21:54:55 - Pcap is listening...
2024-07-27 21:55:14 - Pcap is listening...
2024-07-27 21:55:23 - Pcap stop listening
2024-07-27 21:55:23 - path:/home/hieupham/Desktop/IDS/CICFlowMeter-4.0/bin/data/daily/2024-07-27_Flow.csv
2024-07-27 21:55:24 - Pcap is listening...
2024-07-27 21:55:45 - Pcap is listening...
2024-07-27 21:56:29 - Pcap is listening...
2024-07-27 21:56:52 - Pcap is listening...
2024-07-27 21:57:23 - Pcap stop listening
2024-07-27 21:57:23 - path:/home/hieupham/Desktop/IDS/CICFlowMeter-4.0/bin/data/daily/2024-07-27_Flow.csv
2024-07-27 22:05:44 - Pcap is listening...
2024-07-27 22:05:57 - Pcap stop listening
2024-07-27 22:05:57 - path:/home/hieupham/Desktop/IDS/CICFlowMeter-4.0/bin/data/daily/2024-07-27_Flow.csv
2024-07-27 22:05:58 - Pcap is listening...
2024-07-27 22:06:00 - Pcap stop listening
2024-07-27 22:06:00 - path:/home/hieupham/Desktop/IDS/CICFlowMeter-4.0/bin/data/daily/2024-07-27_Flow.csv
2024-07-27 22:06:00 - Pcap is listening...
2024-07-27 22:06:01 - Pcap stop listening
2024-07-27 22:06:01 - path:/home/hieupham/Desktop/IDS/CICFlowMeter-4.0/bin/data/daily/2024-07-27_Flow.csv
2024-07-27 22:06:01 - Pcap is listening...
2024-07-27 22:06:03 - Pcap stop listening
2024-07-27 22:06:03 - path:/home/hieupham/Desktop/IDS/CICFlowMeter-4.0/bin/data/daily/2024-07-27_Flow.csv
2024-07-27 22:06:03 - Pcap is listening...
2024-07-27 22:06:21 - Pcap is listening...
2024-07-27 22:06:44 - Pcap stop listening
2024-07-27 22:06:45 - path:/home/hieupham/Desktop/IDS/CICFlowMeter-4.0/bin/data/daily/2024-07-27_Flow.csv
2024-07-27 22:06:45 - Pcap is listening...
2024-07-27 22:07:09 - Pcap is listening...
2024-07-27 22:07:23 - Pcap stop listening
2024-07-27 22:07:23 - path:/home/hieupham/Desktop/IDS/CICFlowMeter-4.0/bin/data/daily/2024-07-27_Flow.csv
2024-07-27 22:07:32 - path:/home/hieupham/Desktop/IDS/CICFlowMeter-4.0/bin/data/daily/2024-07-27_Flow.csv
2024-07-27 22:07:51 - Pcap is listening...
2024-07-27 22:07:57 - Pcap stop listening
2024-07-27 22:07:57 - path:/home/hieupham/Desktop/IDS/CICFlowMeter-4.0/bin/data/daily/2024-07-27_Flow.csv
2024-07-27 22:08:12 - Pcap is listening...
2024-07-27 22:08:52 - Pcap is listening...
2024-07-27 22:09:14 - Pcap stop listening
2024-07-27 22:09:14 - path:/home/hieupham/Desktop/IDS/CICFlowMeter-4.0/bin/data/daily/2024-07-27_Flow.csv
2024-07-27 22:09:34 - Pcap is listening...
2024-07-27 22:09:47 - Pcap stop listening
2024-07-27 22:09:47 - path:/home/hieupham/Desktop/IDS/CICFlowMeter-4.0/bin/data/daily/2024-07-27_Flow.csv
2024-07-27 22:14:51 - Pcap is listening...
2024-07-27 22:15:06 - Pcap stop listening
2024-07-27 22:15:06 - path:/home/hieupham/Desktop/IDS/CICFlowMeter-4.0/bin/data/daily/2024-07-27_Flow.csv
2024-07-27 22:18:40 - Pcap is listening...
2024-07-27 22:18:48 - Pcap stop listening
2024-07-27 22:18:48 - path:/home/hieupham/Desktop/IDS/CICFlowMeter-4.0/bin/data/daily/2024-07-27_Flow.csv
2024-07-27 22:19:10 - Pcap is listening...
2024-07-27 22:28:50 - Pcap is listening...
2024-07-27 22:29:02 - Pcap stop listening
2024-07-27 22:29:02 - path:/home/hieupham/Desktop/IDS/CICFlowMeter-4.0/bin/data/daily/2024-07-27_Flow.csv
2024-07-27 22:31:56 - Pcap is listening...
2024-07-27 22:32:14 - Pcap stop listening
2024-07-27 22:32:14 - path:/home/hieupham/Desktop/IDS/CICFlowMeter-4.0/bin/data/daily/2024-07-27_Flow.csv
2024-07-27 22:32:25 - Pcap is listening...
2024-07-27 22:32:43 - Pcap is listening...
2024-07-27 22:32:56 - Pcap stop listening
2024-07-27 22:32:57 - path:/home/hieupham/Desktop/IDS/CICFlowMeter-4.0/bin/data/daily/2024-07-27_Flow.csv
2024-07-27 22:35:39 - Pcap is listening...
2024-07-27 22:36:31 - Pcap is listening...
2024-07-27 22:36:38 - Pcap stop listening
2024-07-27 22:36:38 - path:/home/hieupham/Desktop/IDS/CICFlowMeter-4.0/bin/data/daily/2024-07-27_Flow.csv
2024-07-27 22:36:54 - Pcap is listening...
2024-07-27 22:37:04 - Pcap stop listening
2024-07-27 22:37:04 - path:/home/hieupham/Desktop/IDS/CICFlowMeter-4.0/bin/data/daily/2024-07-27_Flow.csv
2024-07-27 22:37:17 - Pcap is listening...
2024-07-27 22:42:05 - Pcap is listening...
2024-07-27 22:57:14 - Pcap is listening...
2024-07-27 22:57:52 - Pcap is listening...
2024-07-27 22:58:04 - Pcap stop listening
2024-07-27 22:58:04 - path:/home/hieupham/Desktop/IDS/CICFlowMeter-4.0/bin/data/daily/2024-07-27_Flow.csv
2024-07-27 22:58:19 - Pcap is listening...
2024-07-27 22:58:49 - Pcap is listening...
2024-07-27 23:00:01 - Pcap is listening...
2024-07-27 23:02:10 - Pcap is listening...
2024-07-27 23:02:38 - Pcap stop listening
2024-07-27 23:02:38 - path:/home/hieupham/Desktop/IDS/CICFlowMeter-4.0/bin/data/daily/2024-07-27_Flow.csv
2024-07-27 23:02:40 - Pcap is listening...
2024-07-27 23:11:44 - Pcap is listening...
2024-07-27 23:12:28 - Pcap stop listening
2024-07-27 23:12:28 - path:/home/hieupham/Desktop/IDS/CICFlowMeter-4.0/bin/data/daily/2024-07-27_Flow.csv
2024-07-27 23:12:48 - Pcap is listening...
2024-07-27 23:13:13 - Pcap stop listening
2024-07-27 23:13:13 - path:/home/hieupham/Desktop/IDS/CICFlowMeter-4.0/bin/data/daily/2024-07-27_Flow.csv
2024-07-27 23:13:29 - Pcap is listening...
2024-07-27 23:13:37 - Pcap stop listening
2024-07-27 23:13:37 - path:/home/hieupham/Desktop/IDS/CICFlowMeter-4.0/bin/data/daily/2024-07-27_Flow.csv
2024-07-27 23:13:55 - Pcap is listening...
2024-07-27 23:14:38 - Pcap is listening...
2024-07-27 23:15:12 - Pcap stop listening
2024-07-27 23:15:12 - path:/home/hieupham/Desktop/IDS/CICFlowMeter-4.0/bin/data/daily/2024-07-27_Flow.csv
2024-07-27 23:15:51 - Pcap is listening...
2024-07-27 23:17:01 - Pcap is listening...
2024-07-27 23:17:15 - Pcap stop listening
2024-07-27 23:17:16 - path:/home/hieupham/Desktop/IDS/CICFlowMeter-4.0/bin/data/daily/2024-07-27_Flow.csv
2024-07-27 23:17:17 - Pcap is listening...
2024-07-27 23:19:54 - Pcap is listening...
2024-07-27 23:20:06 - Pcap stop listening
2024-07-27 23:20:07 - path:/home/hieupham/Desktop/IDS/CICFlowMeter-4.0/bin/data/daily/2024-07-27_Flow.csv
2024-07-27 23:20:31 - Pcap is listening...
2024-07-27 23:21:05 - Pcap is listening...
2024-07-28 14:10:39 - Pcap is listening...
2024-07-28 14:11:09 - Pcap is listening...
2024-07-28 14:11:21 - Pcap stop listening
2024-07-28 14:11:21 - path:/home/hieupham/Desktop/IDS/CICFlowMeter-4.0/bin/data/daily/2024-07-28_Flow.csv
2024-07-28 14:11:33 - Pcap is listening...
2024-07-28 14:11:48 - Pcap stop listening
2024-07-28 14:11:48 - path:/home/hieupham/Desktop/IDS/CICFlowMeter-4.0/bin/data/daily/2024-07-28_Flow.csv
2024-07-28 14:12:23 - Pcap is listening...
2024-07-28 14:12:33 - Pcap stop listening
2024-07-28 14:12:33 - path:/home/hieupham/Desktop/IDS/CICFlowMeter-4.0/bin/data/daily/2024-07-28_Flow.csv
2024-07-28 14:12:34 - Pcap is listening...
2024-07-28 14:12:55 - Pcap is listening...
2024-07-28 14:15:18 - Pcap is listening...
2024-07-28 14:42:40 - Pcap is listening...
2024-07-28 14:42:59 - Pcap stop listening
2024-07-28 14:42:59 - path:/home/hieupham/Desktop/IDS/CICFlowMeter-4.0/bin/data/daily/2024-07-28_Flow.csv
2024-07-28 14:43:19 - Pcap is listening...
2024-07-30 14:24:42 - Pcap is listening...
2024-07-30 14:24:50 - Pcap stop listening
2024-07-30 14:24:50 - path:/home/hieupham/Desktop/IDS/CICFlowMeter-4.0/bin/data/daily/2024-07-30_Flow.csv
2024-07-30 14:48:05 - Pcap is listening...
2024-07-30 14:48:50 - Pcap is listening...
2024-07-30 14:49:34 - Pcap is listening...
2024-07-30 14:49:57 - Pcap is listening...
2024-07-30 14:50:05 - Pcap stop listening
2024-07-30 14:50:05 - path:/home/hieupham/Desktop/IDS/CICFlowMeter-4.0/bin/data/daily/2024-07-30_Flow.csv
2024-07-30 14:50:51 - Pcap is listening...
2024-07-30 14:50:54 - Pcap stop listening
2024-07-30 14:50:54 - path:/home/hieupham/Desktop/IDS/CICFlowMeter-4.0/bin/data/daily/2024-07-30_Flow.csv
2024-07-30 14:50:58 - Pcap is listening...
2024-07-30 14:51:10 - Pcap is listening...
2024-07-30 14:57:21 - Pcap is listening...
2024-07-30 14:58:47 - Pcap is listening...
2024-07-30 15:01:14 - Pcap stop listening
2024-07-30 15:01:14 - path:/home/hieupham/Desktop/IDS/CICFlowMeter-4.0/bin/data/daily/2024-07-30_Flow.csv
2024-07-30 15:09:40 - Pcap is listening...
2024-07-30 15:09:53 - Pcap stop listening
2024-07-30 15:09:53 - path:/home/hieupham/Desktop/IDS/CICFlowMeter-4.0/bin/data/daily/2024-07-30_Flow.csv
2024-07-30 15:10:05 - Pcap is listening...
2024-07-30 15:19:31 - Pcap is listening...
2024-07-30 15:19:53 - Pcap stop listening
2024-07-30 15:19:53 - path:/home/hieupham/Desktop/IDS/CICFlowMeter-4.0/bin/data/daily/2024-07-30_Flow.csv
2024-07-30 15:20:04 - Pcap is listening...
2024-07-30 15:21:00 - Pcap stop listening
2024-07-30 15:21:00 - path:/home/hieupham/Desktop/IDS/CICFlowMeter-4.0/bin/data/daily/2024-07-30_Flow.csv
2024-07-30 15:22:56 - Pcap is listening...
2024-07-30 15:23:09 - Pcap stop listening
2024-07-30 15:23:09 - path:/home/hieupham/Desktop/IDS/CICFlowMeter-4.0/bin/data/daily/2024-07-30_Flow.csv
2024-07-30 15:23:19 - Pcap is listening...
2024-07-30 15:23:45 - Pcap stop listening
2024-07-30 15:23:45 - path:/home/hieupham/Desktop/IDS/CICFlowMeter-4.0/bin/data/daily/2024-07-30_Flow.csv
2024-07-30 15:35:20 - Pcap is listening...
2024-07-30 15:35:25 - Pcap stop listening
2024-07-30 15:35:25 - path:/home/hieupham/Desktop/IDS/CICFlowMeter-4.0/bin/data/daily/2024-07-30_Flow.csv
2024-07-30 15:37:15 - Pcap is listening...
2024-07-30 15:43:53 - Pcap is listening...
2024-07-30 15:44:15 - Pcap stop listening
2024-07-30 15:44:15 - path:/home/hieupham/Desktop/IDS/CICFlowMeter-4.0/bin/data/daily/2024-07-30_Flow.csv
2024-07-30 15:45:33 - path:/home/hieupham/Desktop/IDS/CICFlowMeter-4.0/bin/data/daily/2024-07-30_Flow.csv
2024-07-30 15:45:47 - Pcap is listening...
2024-07-30 15:47:50 - Pcap is listening...
2024-07-30 15:55:04 - Pcap is listening...
2024-07-30 15:57:37 - Pcap stop listening
2024-07-30 15:57:37 - path:/home/hieupham/Desktop/IDS/CICFlowMeter-4.0/bin/data/daily/2024-07-30_Flow.csv
2024-07-30 15:57:54 - Pcap is listening...
2024-07-30 15:59:21 - Pcap stop listening
2024-07-30 15:59:21 - path:/home/hieupham/Desktop/IDS/CICFlowMeter-4.0/bin/data/daily/2024-07-30_Flow.csv
2024-07-30 16:07:35 - Pcap is listening...
2024-07-30 16:16:27 - Pcap is listening...
2024-07-30 16:16:58 - Pcap stop listening
2024-07-30 16:16:58 - path:/home/hieupham/Desktop/IDS/CICFlowMeter-4.0/bin/data/daily/2024-07-30_Flow.csv
2024-07-30 16:17:07 - Pcap is listening...
2024-07-30 16:28:12 - Pcap stop listening
2024-07-30 16:28:12 - path:/home/hieupham/Desktop/IDS/CICFlowMeter-4.0/bin/data/daily/2024-07-30_Flow.csv
2024-07-30 16:36:54 - Pcap is listening...
2024-07-30 16:45:32 - Pcap stop listening
2024-07-30 16:45:32 - path:/home/hieupham/Desktop/IDS/CICFlowMeter-4.0/bin/data/daily/2024-07-30_Flow.csv
2024-07-30 16:45:42 - Pcap is listening...
2024-07-30 16:48:07 - Pcap stop listening
2024-07-30 16:48:07 - path:/home/hieupham/Desktop/IDS/CICFlowMeter-4.0/bin/data/daily/2024-07-30_Flow.csv
2024-07-30 16:56:08 - Pcap is listening...
2024-07-30 17:02:15 - Pcap stop listening
2024-07-30 17:02:15 - path:/home/hieupham/Desktop/IDS/CICFlowMeter-4.0/bin/data/daily/2024-07-30_Flow.csv
2024-07-30 17:04:15 - Pcap is listening...
2024-07-30 17:11:46 - Pcap is listening...
2024-07-31 15:55:24 - Pcap is listening...
2024-07-31 15:59:09 - Pcap stop listening
2024-07-31 15:59:10 - path:/home/hieupham/Desktop/IDS/CICFlowMeter-4.0/bin/data/daily/2024-07-31_Flow.csv
2024-07-31 15:59:17 - Pcap is listening...
2024-07-31 15:59:46 - Pcap is listening...
2024-07-31 16:00:29 - Pcap is listening...
2024-07-31 16:00:42 - Pcap stop listening
2024-07-31 16:00:42 - path:/home/hieupham/Desktop/IDS/CICFlowMeter-4.0/bin/data/daily/2024-07-31_Flow.csv
2024-07-31 16:00:43 - Pcap is listening...
2024-07-31 16:03:25 - Pcap stop listening
2024-07-31 16:03:25 - path:/home/hieupham/Desktop/IDS/CICFlowMeter-4.0/bin/data/daily/2024-07-31_Flow.csv
2024-07-31 16:24:13 - Pcap is listening...
2024-07-31 16:31:32 - Pcap stop listening
2024-07-31 16:31:32 - path:/home/hieupham/Desktop/IDS/CICFlowMeter-4.0/bin/data/daily/2024-07-31_Flow.csv
2024-07-31 16:31:59 - Pcap is listening...
2024-07-31 16:33:02 - Pcap stop listening
2024-07-31 16:33:02 - path:/home/hieupham/Desktop/IDS/CICFlowMeter-4.0/bin/data/daily/2024-07-31_Flow.csv
2024-07-31 16:33:14 - Pcap is listening...
2024-07-31 16:35:12 - Pcap stop listening
2024-07-31 16:35:12 - path:/home/hieupham/Desktop/IDS/CICFlowMeter-4.0/bin/data/daily/2024-07-31_Flow.csv
2024-07-31 16:35:18 - Pcap is listening...
2024-07-31 16:36:56 - Pcap stop listening
2024-07-31 16:36:56 - path:/home/hieupham/Desktop/IDS/CICFlowMeter-4.0/bin/data/daily/2024-07-31_Flow.csv
2024-07-31 16:38:01 - Pcap is listening...
2024-07-31 16:39:07 - Pcap stop listening
2024-07-31 16:39:07 - path:/home/hieupham/Desktop/IDS/CICFlowMeter-4.0/bin/data/daily/2024-07-31_Flow.csv
2024-07-31 16:40:47 - Pcap is listening...
2024-07-31 16:47:55 - Pcap stop listening
2024-07-31 16:47:55 - path:/home/hieupham/Desktop/IDS/CICFlowMeter-4.0/bin/data/daily/2024-07-31_Flow.csv
2024-07-31 16:48:04 - Pcap is listening...
2024-07-31 16:51:10 - Pcap is listening...
2024-07-31 16:54:36 - Pcap stop listening
2024-07-31 16:54:36 - path:/home/hieupham/Desktop/IDS/CICFlowMeter-4.0/bin/data/daily/2024-07-31_Flow.csv
2024-07-31 16:54:42 - Pcap is listening...
2024-07-31 16:57:29 - Pcap stop listening
2024-07-31 16:57:29 - path:/home/hieupham/Desktop/IDS/CICFlowMeter-4.0/bin/data/daily/2024-07-31_Flow.csv
2024-07-31 16:57:37 - Pcap is listening...
2024-07-31 17:00:59 - Pcap is listening...
2024-07-31 17:02:42 - Pcap is listening...
2024-08-04 10:15:26 - Pcap is listening...
2024-08-04 10:20:18 - Pcap is listening...
2024-08-04 10:30:51 - Pcap is listening...
2024-08-04 10:35:36 - Pcap is listening...
2024-08-04 10:38:08 - Pcap is listening...
2024-08-04 11:48:11 - Pcap is listening...
2024-08-04 11:48:22 - Pcap stop listening
2024-08-04 11:48:23 - path:/home/hieupham/Desktop/IDS/CICFlowMeter-4.0/bin/data/daily/2024-08-04_Flow.csv
2024-08-04 11:48:25 - Pcap is listening...
2024-08-04 11:48:39 - Pcap is listening...
2024-08-04 11:53:21 - Pcap is listening...
2024-08-04 11:53:31 - Pcap stop listening
2024-08-04 11:53:31 - path:/home/hieupham/Desktop/IDS/CICFlowMeter-4.0/bin/data/daily/2024-08-04_Flow.csv
2024-08-04 11:53:45 - Pcap is listening...
2024-08-04 12:00:57 - Pcap is listening...
2024-08-04 12:01:41 - Pcap is listening...
2024-08-04 12:03:44 - Pcap is listening...
2024-08-04 12:04:51 - Pcap stop listening
2024-08-04 12:04:51 - path:/home/hieupham/Desktop/IDS/CICFlowMeter-4.0/bin/data/daily/2024-08-04_Flow.csv
